-------------------------------------------------------------------------------
Test set: com.vidhan.ownauthserver.VidhanOwnAuthServerApplicationTests
-------------------------------------------------------------------------------
Tests run: 1, Failures: 0, Errors: 1, Skipped: 0, Time elapsed: 8.611 s <<< FAILURE! - in com.vidhan.ownauthserver.VidhanOwnAuthServerApplicationTests
contextLoads  Time elapsed: 0.002 s  <<< ERROR!
java.lang.IllegalStateException: Failed to load ApplicationContext
Caused by: org.springframework.beans.factory.UnsatisfiedDependencyException: Error creating bean with name 'authServerJDBCConfiguration': Unsatisfied dependency expressed through field 'passwordEncoder'; nested exception is org.springframework.beans.factory.UnsatisfiedDependencyException: Error creating bean with name 'webSecurityJDBCConfiguration': Unsatisfied dependency expressed through field 'userDetailsService'; nested exception is org.springframework.beans.factory.UnsatisfiedDependencyException: Error creating bean with name 'userDetailsService': Unsatisfied dependency expressed through field 'userDetailsRepository'; nested exception is org.springframework.beans.factory.BeanCreationException: Error creating bean with name 'userDetailsRepository' defined in com.vidhan.ownauthserver.repository.UserDetailsRepository defined in @EnableJpaRepositories declared on VidhanOwnAuthServerApplication: Invocation of init method failed; nested exception is java.lang.IllegalArgumentException: Failed to create query for method public abstract java.util.Optional com.vidhan.ownauthserver.repository.UserDetailsRepository.findByUserName(java.lang.String)! No property userName found for type User! Did you mean 'username'?
Caused by: org.springframework.beans.factory.UnsatisfiedDependencyException: Error creating bean with name 'webSecurityJDBCConfiguration': Unsatisfied dependency expressed through field 'userDetailsService'; nested exception is org.springframework.beans.factory.UnsatisfiedDependencyException: Error creating bean with name 'userDetailsService': Unsatisfied dependency expressed through field 'userDetailsRepository'; nested exception is org.springframework.beans.factory.BeanCreationException: Error creating bean with name 'userDetailsRepository' defined in com.vidhan.ownauthserver.repository.UserDetailsRepository defined in @EnableJpaRepositories declared on VidhanOwnAuthServerApplication: Invocation of init method failed; nested exception is java.lang.IllegalArgumentException: Failed to create query for method public abstract java.util.Optional com.vidhan.ownauthserver.repository.UserDetailsRepository.findByUserName(java.lang.String)! No property userName found for type User! Did you mean 'username'?
Caused by: org.springframework.beans.factory.UnsatisfiedDependencyException: Error creating bean with name 'userDetailsService': Unsatisfied dependency expressed through field 'userDetailsRepository'; nested exception is org.springframework.beans.factory.BeanCreationException: Error creating bean with name 'userDetailsRepository' defined in com.vidhan.ownauthserver.repository.UserDetailsRepository defined in @EnableJpaRepositories declared on VidhanOwnAuthServerApplication: Invocation of init method failed; nested exception is java.lang.IllegalArgumentException: Failed to create query for method public abstract java.util.Optional com.vidhan.ownauthserver.repository.UserDetailsRepository.findByUserName(java.lang.String)! No property userName found for type User! Did you mean 'username'?
Caused by: org.springframework.beans.factory.BeanCreationException: Error creating bean with name 'userDetailsRepository' defined in com.vidhan.ownauthserver.repository.UserDetailsRepository defined in @EnableJpaRepositories declared on VidhanOwnAuthServerApplication: Invocation of init method failed; nested exception is java.lang.IllegalArgumentException: Failed to create query for method public abstract java.util.Optional com.vidhan.ownauthserver.repository.UserDetailsRepository.findByUserName(java.lang.String)! No property userName found for type User! Did you mean 'username'?
Caused by: java.lang.IllegalArgumentException: Failed to create query for method public abstract java.util.Optional com.vidhan.ownauthserver.repository.UserDetailsRepository.findByUserName(java.lang.String)! No property userName found for type User! Did you mean 'username'?
Caused by: org.springframework.data.mapping.PropertyReferenceException: No property userName found for type User! Did you mean 'username'?

